  pch.cpp
  MFCApplication.cpp
  MFCApplicationDlg.cpp
  Generating Code...
opencv_core452d.lib(alloc.obj) : warning LNK4099: PDB 'opencv_core452d.pdb' was not found with 'opencv_core452d.lib(alloc.obj)' or at 'D:\Projects\citi_assesment\project\userdata_assessment\Debug\opencv_core452d.pdb'; linking object as if no debug info
opencv_core452d.lib(arithm.obj) : warning LNK4099: PDB 'opencv_core452d.pdb' was not found with 'opencv_core452d.lib(arithm.obj)' or at 'D:\Projects\citi_assesment\project\userdata_assessment\Debug\opencv_core452d.pdb'; linking object as if no debug info
opencv_core452d.lib(arithm.dispatch.obj) : warning LNK4099: PDB 'opencv_core452d.pdb' was not found with 'opencv_core452d.lib(arithm.dispatch.obj)' or at 'D:\Projects\citi_assesment\project\userdata_assessment\Debug\opencv_core452d.pdb'; linking object as if no debug info
opencv_core452d.lib(array.obj) : warning LNK4099: PDB 'opencv_core452d.pdb' was not found with 'opencv_core452d.lib(array.obj)' or at 'D:\Projects\citi_assesment\project\userdata_assessment\Debug\opencv_core452d.pdb'; linking object as if no debug info
opencv_core452d.lib(buffer_area.obj) : warning LNK4099: PDB 'opencv_core452d.pdb' was not found with 'opencv_core452d.lib(buffer_area.obj)' or at 'D:\Projects\citi_assesment\project\userdata_assessment\Debug\opencv_core452d.pdb'; linking object as if no debug info
opencv_core452d.lib(channels.obj) : warning LNK4099: PDB 'opencv_core452d.pdb' was not found with 'opencv_core452d.lib(channels.obj)' or at 'D:\Projects\citi_assesment\project\userdata_assessment\Debug\opencv_core452d.pdb'; linking object as if no debug info
opencv_core452d.lib(check.obj) : warning LNK4099: PDB 'opencv_core452d.pdb' was not found with 'opencv_core452d.lib(check.obj)' or at 'D:\Projects\citi_assesment\project\userdata_assessment\Debug\opencv_core452d.pdb'; linking object as if no debug info
opencv_core452d.lib(convert.dispatch.obj) : warning LNK4099: PDB 'opencv_core452d.pdb' was not found with 'opencv_core452d.lib(convert.dispatch.obj)' or at 'D:\Projects\citi_assesment\project\userdata_assessment\Debug\opencv_core452d.pdb'; linking object as if no debug info
opencv_core452d.lib(convert_scale.dispatch.obj) : warning LNK4099: PDB 'opencv_core452d.pdb' was not found with 'opencv_core452d.lib(convert_scale.dispatch.obj)' or at 'D:\Projects\citi_assesment\project\userdata_assessment\Debug\opencv_core452d.pdb'; linking object as if no debug info
opencv_core452d.lib(copy.obj) : warning LNK4099: PDB 'opencv_core452d.pdb' was not found with 'opencv_core452d.lib(copy.obj)' or at 'D:\Projects\citi_assesment\project\userdata_assessment\Debug\opencv_core452d.pdb'; linking object as if no debug info
opencv_core452d.lib(datastructs.obj) : warning LNK4099: PDB 'opencv_core452d.pdb' was not found with 'opencv_core452d.lib(datastructs.obj)' or at 'D:\Projects\citi_assesment\project\userdata_assessment\Debug\opencv_core452d.pdb'; linking object as if no debug info
opencv_core452d.lib(directx.obj) : warning LNK4099: PDB 'opencv_core452d.pdb' was not found with 'opencv_core452d.lib(directx.obj)' or at 'D:\Projects\citi_assesment\project\userdata_assessment\Debug\opencv_core452d.pdb'; linking object as if no debug info
opencv_core452d.lib(glob.obj) : warning LNK4099: PDB 'opencv_core452d.pdb' was not found with 'opencv_core452d.lib(glob.obj)' or at 'D:\Projects\citi_assesment\project\userdata_assessment\Debug\opencv_core452d.pdb'; linking object as if no debug info
opencv_core452d.lib(kmeans.obj) : warning LNK4099: PDB 'opencv_core452d.pdb' was not found with 'opencv_core452d.lib(kmeans.obj)' or at 'D:\Projects\citi_assesment\project\userdata_assessment\Debug\opencv_core452d.pdb'; linking object as if no debug info
opencv_core452d.lib(logger.obj) : warning LNK4099: PDB 'opencv_core452d.pdb' was not found with 'opencv_core452d.lib(logger.obj)' or at 'D:\Projects\citi_assesment\project\userdata_assessment\Debug\opencv_core452d.pdb'; linking object as if no debug info
opencv_core452d.lib(mathfuncs.obj) : warning LNK4099: PDB 'opencv_core452d.pdb' was not found with 'opencv_core452d.lib(mathfuncs.obj)' or at 'D:\Projects\citi_assesment\project\userdata_assessment\Debug\opencv_core452d.pdb'; linking object as if no debug info
opencv_core452d.lib(mathfuncs_core.dispatch.obj) : warning LNK4099: PDB 'opencv_core452d.pdb' was not found with 'opencv_core452d.lib(mathfuncs_core.dispatch.obj)' or at 'D:\Projects\citi_assesment\project\userdata_assessment\Debug\opencv_core452d.pdb'; linking object as if no debug info
opencv_core452d.lib(matrix.obj) : warning LNK4099: PDB 'opencv_core452d.pdb' was not found with 'opencv_core452d.lib(matrix.obj)' or at 'D:\Projects\citi_assesment\project\userdata_assessment\Debug\opencv_core452d.pdb'; linking object as if no debug info
opencv_core452d.lib(matrix_c.obj) : warning LNK4099: PDB 'opencv_core452d.pdb' was not found with 'opencv_core452d.lib(matrix_c.obj)' or at 'D:\Projects\citi_assesment\project\userdata_assessment\Debug\opencv_core452d.pdb'; linking object as if no debug info
opencv_core452d.lib(matrix_iterator.obj) : warning LNK4099: PDB 'opencv_core452d.pdb' was not found with 'opencv_core452d.lib(matrix_iterator.obj)' or at 'D:\Projects\citi_assesment\project\userdata_assessment\Debug\opencv_core452d.pdb'; linking object as if no debug info
opencv_core452d.lib(matrix_operations.obj) : warning LNK4099: PDB 'opencv_core452d.pdb' was not found with 'opencv_core452d.lib(matrix_operations.obj)' or at 'D:\Projects\citi_assesment\project\userdata_assessment\Debug\opencv_core452d.pdb'; linking object as if no debug info
opencv_core452d.lib(matrix_transform.obj) : warning LNK4099: PDB 'opencv_core452d.pdb' was not found with 'opencv_core452d.lib(matrix_transform.obj)' or at 'D:\Projects\citi_assesment\project\userdata_assessment\Debug\opencv_core452d.pdb'; linking object as if no debug info
opencv_core452d.lib(matrix_wrap.obj) : warning LNK4099: PDB 'opencv_core452d.pdb' was not found with 'opencv_core452d.lib(matrix_wrap.obj)' or at 'D:\Projects\citi_assesment\project\userdata_assessment\Debug\opencv_core452d.pdb'; linking object as if no debug info
opencv_core452d.lib(merge.dispatch.obj) : warning LNK4099: PDB 'opencv_core452d.pdb' was not found with 'opencv_core452d.lib(merge.dispatch.obj)' or at 'D:\Projects\citi_assesment\project\userdata_assessment\Debug\opencv_core452d.pdb'; linking object as if no debug info
opencv_core452d.lib(minmax.obj) : warning LNK4099: PDB 'opencv_core452d.pdb' was not found with 'opencv_core452d.lib(minmax.obj)' or at 'D:\Projects\citi_assesment\project\userdata_assessment\Debug\opencv_core452d.pdb'; linking object as if no debug info
opencv_core452d.lib(norm.obj) : warning LNK4099: PDB 'opencv_core452d.pdb' was not found with 'opencv_core452d.lib(norm.obj)' or at 'D:\Projects\citi_assesment\project\userdata_assessment\Debug\opencv_core452d.pdb'; linking object as if no debug info
opencv_core452d.lib(ocl.obj) : warning LNK4099: PDB 'opencv_core452d.pdb' was not found with 'opencv_core452d.lib(ocl.obj)' or at 'D:\Projects\citi_assesment\project\userdata_assessment\Debug\opencv_core452d.pdb'; linking object as if no debug info
opencv_core452d.lib(opencl_core.obj) : warning LNK4099: PDB 'opencv_core452d.pdb' was not found with 'opencv_core452d.lib(opencl_core.obj)' or at 'D:\Projects\citi_assesment\project\userdata_assessment\Debug\opencv_core452d.pdb'; linking object as if no debug info
opencv_core452d.lib(out.obj) : warning LNK4099: PDB 'opencv_core452d.pdb' was not found with 'opencv_core452d.lib(out.obj)' or at 'D:\Projects\citi_assesment\project\userdata_assessment\Debug\opencv_core452d.pdb'; linking object as if no debug info
opencv_core452d.lib(rand.obj) : warning LNK4099: PDB 'opencv_core452d.pdb' was not found with 'opencv_core452d.lib(rand.obj)' or at 'D:\Projects\citi_assesment\project\userdata_assessment\Debug\opencv_core452d.pdb'; linking object as if no debug info
opencv_core452d.lib(softfloat.obj) : warning LNK4099: PDB 'opencv_core452d.pdb' was not found with 'opencv_core452d.lib(softfloat.obj)' or at 'D:\Projects\citi_assesment\project\userdata_assessment\Debug\opencv_core452d.pdb'; linking object as if no debug info
opencv_core452d.lib(stat.dispatch.obj) : warning LNK4099: PDB 'opencv_core452d.pdb' was not found with 'opencv_core452d.lib(stat.dispatch.obj)' or at 'D:\Projects\citi_assesment\project\userdata_assessment\Debug\opencv_core452d.pdb'; linking object as if no debug info
opencv_core452d.lib(sum.dispatch.obj) : warning LNK4099: PDB 'opencv_core452d.pdb' was not found with 'opencv_core452d.lib(sum.dispatch.obj)' or at 'D:\Projects\citi_assesment\project\userdata_assessment\Debug\opencv_core452d.pdb'; linking object as if no debug info
opencv_core452d.lib(system.obj) : warning LNK4099: PDB 'opencv_core452d.pdb' was not found with 'opencv_core452d.lib(system.obj)' or at 'D:\Projects\citi_assesment\project\userdata_assessment\Debug\opencv_core452d.pdb'; linking object as if no debug info
opencv_core452d.lib(tables.obj) : warning LNK4099: PDB 'opencv_core452d.pdb' was not found with 'opencv_core452d.lib(tables.obj)' or at 'D:\Projects\citi_assesment\project\userdata_assessment\Debug\opencv_core452d.pdb'; linking object as if no debug info
opencv_core452d.lib(trace.obj) : warning LNK4099: PDB 'opencv_core452d.pdb' was not found with 'opencv_core452d.lib(trace.obj)' or at 'D:\Projects\citi_assesment\project\userdata_assessment\Debug\opencv_core452d.pdb'; linking object as if no debug info
opencv_core452d.lib(umatrix.obj) : warning LNK4099: PDB 'opencv_core452d.pdb' was not found with 'opencv_core452d.lib(umatrix.obj)' or at 'D:\Projects\citi_assesment\project\userdata_assessment\Debug\opencv_core452d.pdb'; linking object as if no debug info
opencv_core452d.lib(datafile.obj) : warning LNK4099: PDB 'opencv_core452d.pdb' was not found with 'opencv_core452d.lib(datafile.obj)' or at 'D:\Projects\citi_assesment\project\userdata_assessment\Debug\opencv_core452d.pdb'; linking object as if no debug info
opencv_core452d.lib(filesystem.obj) : warning LNK4099: PDB 'opencv_core452d.pdb' was not found with 'opencv_core452d.lib(filesystem.obj)' or at 'D:\Projects\citi_assesment\project\userdata_assessment\Debug\opencv_core452d.pdb'; linking object as if no debug info
opencv_core452d.lib(logtagconfigparser.obj) : warning LNK4099: PDB 'opencv_core452d.pdb' was not found with 'opencv_core452d.lib(logtagconfigparser.obj)' or at 'D:\Projects\citi_assesment\project\userdata_assessment\Debug\opencv_core452d.pdb'; linking object as if no debug info
opencv_core452d.lib(logtagmanager.obj) : warning LNK4099: PDB 'opencv_core452d.pdb' was not found with 'opencv_core452d.lib(logtagmanager.obj)' or at 'D:\Projects\citi_assesment\project\userdata_assessment\Debug\opencv_core452d.pdb'; linking object as if no debug info
opencv_core452d.lib(opencl_kernels_core.obj) : warning LNK4099: PDB 'opencv_core452d.pdb' was not found with 'opencv_core452d.lib(opencl_kernels_core.obj)' or at 'D:\Projects\citi_assesment\project\userdata_assessment\Debug\opencv_core452d.pdb'; linking object as if no debug info
opencv_core452d.lib(opencv_core_pch.obj) : warning LNK4099: PDB 'opencv_core452d.pdb' was not found with 'opencv_core452d.lib(opencv_core_pch.obj)' or at 'D:\Projects\citi_assesment\project\userdata_assessment\Debug\opencv_core452d.pdb'; linking object as if no debug info
opencv_core452d.lib(parallel.cpp.obj) : warning LNK4099: PDB 'opencv_core452d.pdb' was not found with 'opencv_core452d.lib(parallel.cpp.obj)' or at 'D:\Projects\citi_assesment\project\userdata_assessment\Debug\opencv_core452d.pdb'; linking object as if no debug info
opencv_core452d.lib(parallel.cpp.obj) : warning LNK4099: PDB 'opencv_core452d.pdb' was not found with 'opencv_core452d.lib(parallel.cpp.obj)' or at 'D:\Projects\citi_assesment\project\userdata_assessment\Debug\opencv_core452d.pdb'; linking object as if no debug info
opencv_core452d.lib(arithm.sse4_1.obj) : warning LNK4099: PDB 'opencv_core_SSE4_1.pdb' was not found with 'opencv_core452d.lib(arithm.sse4_1.obj)' or at 'D:\Projects\citi_assesment\project\userdata_assessment\Debug\opencv_core_SSE4_1.pdb'; linking object as if no debug info
opencv_core452d.lib(stat.sse4_2.obj) : warning LNK4099: PDB 'opencv_core_SSE4_2.pdb' was not found with 'opencv_core452d.lib(stat.sse4_2.obj)' or at 'D:\Projects\citi_assesment\project\userdata_assessment\Debug\opencv_core_SSE4_2.pdb'; linking object as if no debug info
opencv_core452d.lib(mathfuncs_core.avx.obj) : warning LNK4099: PDB 'opencv_core_AVX.pdb' was not found with 'opencv_core452d.lib(mathfuncs_core.avx.obj)' or at 'D:\Projects\citi_assesment\project\userdata_assessment\Debug\opencv_core_AVX.pdb'; linking object as if no debug info
opencv_core452d.lib(mathfuncs_core.avx2.obj) : warning LNK4099: PDB 'opencv_core_AVX2.pdb' was not found with 'opencv_core452d.lib(mathfuncs_core.avx2.obj)' or at 'D:\Projects\citi_assesment\project\userdata_assessment\Debug\opencv_core_AVX2.pdb'; linking object as if no debug info
opencv_core452d.lib(stat.avx2.obj) : warning LNK4099: PDB 'opencv_core_AVX2.pdb' was not found with 'opencv_core452d.lib(stat.avx2.obj)' or at 'D:\Projects\citi_assesment\project\userdata_assessment\Debug\opencv_core_AVX2.pdb'; linking object as if no debug info
opencv_core452d.lib(arithm.avx2.obj) : warning LNK4099: PDB 'opencv_core_AVX2.pdb' was not found with 'opencv_core452d.lib(arithm.avx2.obj)' or at 'D:\Projects\citi_assesment\project\userdata_assessment\Debug\opencv_core_AVX2.pdb'; linking object as if no debug info
opencv_core452d.lib(convert.avx2.obj) : warning LNK4099: PDB 'opencv_core_AVX2.pdb' was not found with 'opencv_core452d.lib(convert.avx2.obj)' or at 'D:\Projects\citi_assesment\project\userdata_assessment\Debug\opencv_core_AVX2.pdb'; linking object as if no debug info
opencv_core452d.lib(convert_scale.avx2.obj) : warning LNK4099: PDB 'opencv_core_AVX2.pdb' was not found with 'opencv_core452d.lib(convert_scale.avx2.obj)' or at 'D:\Projects\citi_assesment\project\userdata_assessment\Debug\opencv_core_AVX2.pdb'; linking object as if no debug info
opencv_core452d.lib(merge.avx2.obj) : warning LNK4099: PDB 'opencv_core_AVX2.pdb' was not found with 'opencv_core452d.lib(merge.avx2.obj)' or at 'D:\Projects\citi_assesment\project\userdata_assessment\Debug\opencv_core_AVX2.pdb'; linking object as if no debug info
opencv_core452d.lib(sum.avx2.obj) : warning LNK4099: PDB 'opencv_core_AVX2.pdb' was not found with 'opencv_core452d.lib(sum.avx2.obj)' or at 'D:\Projects\citi_assesment\project\userdata_assessment\Debug\opencv_core_AVX2.pdb'; linking object as if no debug info
opencv_highgui452d.lib(window.obj) : warning LNK4099: PDB 'opencv_highgui452d.pdb' was not found with 'opencv_highgui452d.lib(window.obj)' or at 'D:\Projects\citi_assesment\project\userdata_assessment\Debug\opencv_highgui452d.pdb'; linking object as if no debug info
opencv_highgui452d.lib(window_w32.obj) : warning LNK4099: PDB 'opencv_highgui452d.pdb' was not found with 'opencv_highgui452d.lib(window_w32.obj)' or at 'D:\Projects\citi_assesment\project\userdata_assessment\Debug\opencv_highgui452d.pdb'; linking object as if no debug info
opencv_highgui452d.lib(opencv_highgui_pch.obj) : warning LNK4099: PDB 'opencv_highgui452d.pdb' was not found with 'opencv_highgui452d.lib(opencv_highgui_pch.obj)' or at 'D:\Projects\citi_assesment\project\userdata_assessment\Debug\opencv_highgui452d.pdb'; linking object as if no debug info
opencv_imgcodecs452d.lib(loadsave.obj) : warning LNK4099: PDB 'opencv_imgcodecs452d.pdb' was not found with 'opencv_imgcodecs452d.lib(loadsave.obj)' or at 'D:\Projects\citi_assesment\project\userdata_assessment\Debug\opencv_imgcodecs452d.pdb'; linking object as if no debug info
opencv_imgcodecs452d.lib(utils.obj) : warning LNK4099: PDB 'opencv_imgcodecs452d.pdb' was not found with 'opencv_imgcodecs452d.lib(utils.obj)' or at 'D:\Projects\citi_assesment\project\userdata_assessment\Debug\opencv_imgcodecs452d.pdb'; linking object as if no debug info
opencv_imgcodecs452d.lib(grfmt_base.obj) : warning LNK4099: PDB 'opencv_imgcodecs452d.pdb' was not found with 'opencv_imgcodecs452d.lib(grfmt_base.obj)' or at 'D:\Projects\citi_assesment\project\userdata_assessment\Debug\opencv_imgcodecs452d.pdb'; linking object as if no debug info
opencv_imgcodecs452d.lib(grfmt_bmp.obj) : warning LNK4099: PDB 'opencv_imgcodecs452d.pdb' was not found with 'opencv_imgcodecs452d.lib(grfmt_bmp.obj)' or at 'D:\Projects\citi_assesment\project\userdata_assessment\Debug\opencv_imgcodecs452d.pdb'; linking object as if no debug info
opencv_imgcodecs452d.lib(grfmt_exr.obj) : warning LNK4099: PDB 'opencv_imgcodecs452d.pdb' was not found with 'opencv_imgcodecs452d.lib(grfmt_exr.obj)' or at 'D:\Projects\citi_assesment\project\userdata_assessment\Debug\opencv_imgcodecs452d.pdb'; linking object as if no debug info
opencv_imgcodecs452d.lib(grfmt_hdr.obj) : warning LNK4099: PDB 'opencv_imgcodecs452d.pdb' was not found with 'opencv_imgcodecs452d.lib(grfmt_hdr.obj)' or at 'D:\Projects\citi_assesment\project\userdata_assessment\Debug\opencv_imgcodecs452d.pdb'; linking object as if no debug info
opencv_imgcodecs452d.lib(grfmt_jpeg.obj) : warning LNK4099: PDB 'opencv_imgcodecs452d.pdb' was not found with 'opencv_imgcodecs452d.lib(grfmt_jpeg.obj)' or at 'D:\Projects\citi_assesment\project\userdata_assessment\Debug\opencv_imgcodecs452d.pdb'; linking object as if no debug info
opencv_imgcodecs452d.lib(grfmt_jpeg2000_openjpeg.obj) : warning LNK4099: PDB 'opencv_imgcodecs452d.pdb' was not found with 'opencv_imgcodecs452d.lib(grfmt_jpeg2000_openjpeg.obj)' or at 'D:\Projects\citi_assesment\project\userdata_assessment\Debug\opencv_imgcodecs452d.pdb'; linking object as if no debug info
opencv_imgcodecs452d.lib(grfmt_pam.obj) : warning LNK4099: PDB 'opencv_imgcodecs452d.pdb' was not found with 'opencv_imgcodecs452d.lib(grfmt_pam.obj)' or at 'D:\Projects\citi_assesment\project\userdata_assessment\Debug\opencv_imgcodecs452d.pdb'; linking object as if no debug info
opencv_imgcodecs452d.lib(grfmt_pfm.obj) : warning LNK4099: PDB 'opencv_imgcodecs452d.pdb' was not found with 'opencv_imgcodecs452d.lib(grfmt_pfm.obj)' or at 'D:\Projects\citi_assesment\project\userdata_assessment\Debug\opencv_imgcodecs452d.pdb'; linking object as if no debug info
opencv_imgcodecs452d.lib(grfmt_png.obj) : warning LNK4099: PDB 'opencv_imgcodecs452d.pdb' was not found with 'opencv_imgcodecs452d.lib(grfmt_png.obj)' or at 'D:\Projects\citi_assesment\project\userdata_assessment\Debug\opencv_imgcodecs452d.pdb'; linking object as if no debug info
opencv_imgcodecs452d.lib(grfmt_pxm.obj) : warning LNK4099: PDB 'opencv_imgcodecs452d.pdb' was not found with 'opencv_imgcodecs452d.lib(grfmt_pxm.obj)' or at 'D:\Projects\citi_assesment\project\userdata_assessment\Debug\opencv_imgcodecs452d.pdb'; linking object as if no debug info
opencv_imgcodecs452d.lib(grfmt_sunras.obj) : warning LNK4099: PDB 'opencv_imgcodecs452d.pdb' was not found with 'opencv_imgcodecs452d.lib(grfmt_sunras.obj)' or at 'D:\Projects\citi_assesment\project\userdata_assessment\Debug\opencv_imgcodecs452d.pdb'; linking object as if no debug info
opencv_imgcodecs452d.lib(grfmt_tiff.obj) : warning LNK4099: PDB 'opencv_imgcodecs452d.pdb' was not found with 'opencv_imgcodecs452d.lib(grfmt_tiff.obj)' or at 'D:\Projects\citi_assesment\project\userdata_assessment\Debug\opencv_imgcodecs452d.pdb'; linking object as if no debug info
opencv_imgcodecs452d.lib(grfmt_webp.obj) : warning LNK4099: PDB 'opencv_imgcodecs452d.pdb' was not found with 'opencv_imgcodecs452d.lib(grfmt_webp.obj)' or at 'D:\Projects\citi_assesment\project\userdata_assessment\Debug\opencv_imgcodecs452d.pdb'; linking object as if no debug info
opencv_imgcodecs452d.lib(bitstrm.obj) : warning LNK4099: PDB 'opencv_imgcodecs452d.pdb' was not found with 'opencv_imgcodecs452d.lib(bitstrm.obj)' or at 'D:\Projects\citi_assesment\project\userdata_assessment\Debug\opencv_imgcodecs452d.pdb'; linking object as if no debug info
opencv_imgcodecs452d.lib(rgbe.obj) : warning LNK4099: PDB 'opencv_imgcodecs452d.pdb' was not found with 'opencv_imgcodecs452d.lib(rgbe.obj)' or at 'D:\Projects\citi_assesment\project\userdata_assessment\Debug\opencv_imgcodecs452d.pdb'; linking object as if no debug info
opencv_imgcodecs452d.lib(exif.obj) : warning LNK4099: PDB 'opencv_imgcodecs452d.pdb' was not found with 'opencv_imgcodecs452d.lib(exif.obj)' or at 'D:\Projects\citi_assesment\project\userdata_assessment\Debug\opencv_imgcodecs452d.pdb'; linking object as if no debug info
opencv_imgcodecs452d.lib(opencv_imgcodecs_pch.obj) : warning LNK4099: PDB 'opencv_imgcodecs452d.pdb' was not found with 'opencv_imgcodecs452d.lib(opencv_imgcodecs_pch.obj)' or at 'D:\Projects\citi_assesment\project\userdata_assessment\Debug\opencv_imgcodecs452d.pdb'; linking object as if no debug info
opencv_imgproc452d.lib(color.obj) : warning LNK4099: PDB 'opencv_imgproc452d.pdb' was not found with 'opencv_imgproc452d.lib(color.obj)' or at 'D:\Projects\citi_assesment\project\userdata_assessment\Debug\opencv_imgproc452d.pdb'; linking object as if no debug info
opencv_imgproc452d.lib(color_hsv.dispatch.obj) : warning LNK4099: PDB 'opencv_imgproc452d.pdb' was not found with 'opencv_imgproc452d.lib(color_hsv.dispatch.obj)' or at 'D:\Projects\citi_assesment\project\userdata_assessment\Debug\opencv_imgproc452d.pdb'; linking object as if no debug info
opencv_imgproc452d.lib(color_lab.obj) : warning LNK4099: PDB 'opencv_imgproc452d.pdb' was not found with 'opencv_imgproc452d.lib(color_lab.obj)' or at 'D:\Projects\citi_assesment\project\userdata_assessment\Debug\opencv_imgproc452d.pdb'; linking object as if no debug info
opencv_imgproc452d.lib(color_rgb.dispatch.obj) : warning LNK4099: PDB 'opencv_imgproc452d.pdb' was not found with 'opencv_imgproc452d.lib(color_rgb.dispatch.obj)' or at 'D:\Projects\citi_assesment\project\userdata_assessment\Debug\opencv_imgproc452d.pdb'; linking object as if no debug info
opencv_imgproc452d.lib(color_yuv.dispatch.obj) : warning LNK4099: PDB 'opencv_imgproc452d.pdb' was not found with 'opencv_imgproc452d.lib(color_yuv.dispatch.obj)' or at 'D:\Projects\citi_assesment\project\userdata_assessment\Debug\opencv_imgproc452d.pdb'; linking object as if no debug info
opencv_imgproc452d.lib(demosaicing.obj) : warning LNK4099: PDB 'opencv_imgproc452d.pdb' was not found with 'opencv_imgproc452d.lib(demosaicing.obj)' or at 'D:\Projects\citi_assesment\project\userdata_assessment\Debug\opencv_imgproc452d.pdb'; linking object as if no debug info
opencv_imgproc452d.lib(drawing.obj) : warning LNK4099: PDB 'opencv_imgproc452d.pdb' was not found with 'opencv_imgproc452d.lib(drawing.obj)' or at 'D:\Projects\citi_assesment\project\userdata_assessment\Debug\opencv_imgproc452d.pdb'; linking object as if no debug info
opencv_imgproc452d.lib(hershey_fonts.obj) : warning LNK4099: PDB 'opencv_imgproc452d.pdb' was not found with 'opencv_imgproc452d.lib(hershey_fonts.obj)' or at 'D:\Projects\citi_assesment\project\userdata_assessment\Debug\opencv_imgproc452d.pdb'; linking object as if no debug info
opencv_imgproc452d.lib(resize.obj) : warning LNK4099: PDB 'opencv_imgproc452d.pdb' was not found with 'opencv_imgproc452d.lib(resize.obj)' or at 'D:\Projects\citi_assesment\project\userdata_assessment\Debug\opencv_imgproc452d.pdb'; linking object as if no debug info
opencv_imgproc452d.lib(tables.obj) : warning LNK4099: PDB 'opencv_imgproc452d.pdb' was not found with 'opencv_imgproc452d.lib(tables.obj)' or at 'D:\Projects\citi_assesment\project\userdata_assessment\Debug\opencv_imgproc452d.pdb'; linking object as if no debug info
opencv_imgproc452d.lib(opencl_kernels_imgproc.obj) : warning LNK4099: PDB 'opencv_imgproc452d.pdb' was not found with 'opencv_imgproc452d.lib(opencl_kernels_imgproc.obj)' or at 'D:\Projects\citi_assesment\project\userdata_assessment\Debug\opencv_imgproc452d.pdb'; linking object as if no debug info
opencv_imgproc452d.lib(opencv_imgproc_pch.obj) : warning LNK4099: PDB 'opencv_imgproc452d.pdb' was not found with 'opencv_imgproc452d.lib(opencv_imgproc_pch.obj)' or at 'D:\Projects\citi_assesment\project\userdata_assessment\Debug\opencv_imgproc452d.pdb'; linking object as if no debug info
opencv_imgproc452d.lib(resize.sse4_1.obj) : warning LNK4099: PDB 'opencv_imgproc_SSE4_1.pdb' was not found with 'opencv_imgproc452d.lib(resize.sse4_1.obj)' or at 'D:\Projects\citi_assesment\project\userdata_assessment\Debug\opencv_imgproc_SSE4_1.pdb'; linking object as if no debug info
opencv_imgproc452d.lib(color_hsv.sse4_1.obj) : warning LNK4099: PDB 'opencv_imgproc_SSE4_1.pdb' was not found with 'opencv_imgproc452d.lib(color_hsv.sse4_1.obj)' or at 'D:\Projects\citi_assesment\project\userdata_assessment\Debug\opencv_imgproc_SSE4_1.pdb'; linking object as if no debug info
opencv_imgproc452d.lib(color_rgb.sse4_1.obj) : warning LNK4099: PDB 'opencv_imgproc_SSE4_1.pdb' was not found with 'opencv_imgproc452d.lib(color_rgb.sse4_1.obj)' or at 'D:\Projects\citi_assesment\project\userdata_assessment\Debug\opencv_imgproc_SSE4_1.pdb'; linking object as if no debug info
opencv_imgproc452d.lib(color_yuv.sse4_1.obj) : warning LNK4099: PDB 'opencv_imgproc_SSE4_1.pdb' was not found with 'opencv_imgproc452d.lib(color_yuv.sse4_1.obj)' or at 'D:\Projects\citi_assesment\project\userdata_assessment\Debug\opencv_imgproc_SSE4_1.pdb'; linking object as if no debug info
opencv_imgproc452d.lib(resize.avx2.obj) : warning LNK4099: PDB 'opencv_imgproc_AVX2.pdb' was not found with 'opencv_imgproc452d.lib(resize.avx2.obj)' or at 'D:\Projects\citi_assesment\project\userdata_assessment\Debug\opencv_imgproc_AVX2.pdb'; linking object as if no debug info
opencv_imgproc452d.lib(color_hsv.avx2.obj) : warning LNK4099: PDB 'opencv_imgproc_AVX2.pdb' was not found with 'opencv_imgproc452d.lib(color_hsv.avx2.obj)' or at 'D:\Projects\citi_assesment\project\userdata_assessment\Debug\opencv_imgproc_AVX2.pdb'; linking object as if no debug info
opencv_imgproc452d.lib(color_rgb.avx2.obj) : warning LNK4099: PDB 'opencv_imgproc_AVX2.pdb' was not found with 'opencv_imgproc452d.lib(color_rgb.avx2.obj)' or at 'D:\Projects\citi_assesment\project\userdata_assessment\Debug\opencv_imgproc_AVX2.pdb'; linking object as if no debug info
opencv_imgproc452d.lib(color_yuv.avx2.obj) : warning LNK4099: PDB 'opencv_imgproc_AVX2.pdb' was not found with 'opencv_imgproc452d.lib(color_yuv.avx2.obj)' or at 'D:\Projects\citi_assesment\project\userdata_assessment\Debug\opencv_imgproc_AVX2.pdb'; linking object as if no debug info
  MFCApplication.vcxproj -> D:\Projects\citi_assesment\project\userdata_assessment\\Debug\DisplayUserProfile.exe
